<?xml version="1.0" encoding="UTF-8"?>
<!-- Generated by org.testng.reporters.JUnitXMLReporter -->
<testsuite hostname="QA-LP-002" name="firefox " tests="2" failures="2" timestamp="28 Jun 2014 06:25:04 GMT" time="1220.085" errors="0">
  <testcase name="@AfterMethod closeBrowser" time="0.0" classname="com.Annectos.Webdriver.SeepTestCases.SeepProfilePageCases">
    <failure type="org.openqa.selenium.WebDriverException" message="Due to a previous error, this job has already finished. You can learn more at https://saucelabs.com/jobs/9f6da63c706948d0901ee275c9d5b09c (WARNING: The server did not provide any stacktrace information)
Command duration or timeout: 517 milliseconds
Build info: version: &amp;apos;2.37.1&amp;apos;, revision: &amp;apos;a7c61cbd68657e133ae96672cf995890bad2ee42&amp;apos;, time: &amp;apos;2013-10-21 09:08:07&amp;apos;
System info: host: &amp;apos;QA-LP-002&amp;apos;, ip: &amp;apos;192.168.0.235&amp;apos;, os.name: &amp;apos;Windows 7&amp;apos;, os.arch: &amp;apos;amd64&amp;apos;, os.version: &amp;apos;6.1&amp;apos;, java.version: &amp;apos;1.7.0_45&amp;apos;
Session ID: 9f6da63c706948d0901ee275c9d5b09c
Driver info: org.openqa.selenium.remote.RemoteWebDriver
Capabilities [{platform=LINUX, chrome.chromedriverVersion=26.0.1383.0, acceptSslCerts=false, javascriptEnabled=true, hasMetadata=true, browserName=chrome, rotatable=false, locationContextEnabled=false, version=28.0.1500.95, cssSelectorsEnabled=true, databaseEnabled=false, handlesAlerts=true, browserConnectionEnabled=false, webStorageEnabled=true, nativeEvents=true, applicationCacheEnabled=false, takesScreenshot=true}]">
      <![CDATA[org.openqa.selenium.WebDriverException: Due to a previous error, this job has already finished. You can learn more at https://saucelabs.com/jobs/9f6da63c706948d0901ee275c9d5b09c (WARNING: The server did not provide any stacktrace information)
Command duration or timeout: 517 milliseconds
Build info: version: '2.37.1', revision: 'a7c61cbd68657e133ae96672cf995890bad2ee42', time: '2013-10-21 09:08:07'
System info: host: 'QA-LP-002', ip: '192.168.0.235', os.name: 'Windows 7', os.arch: 'amd64', os.version: '6.1', java.version: '1.7.0_45'
Session ID: 9f6da63c706948d0901ee275c9d5b09c
Driver info: org.openqa.selenium.remote.RemoteWebDriver
Capabilities [{platform=LINUX, chrome.chromedriverVersion=26.0.1383.0, acceptSslCerts=false, javascriptEnabled=true, hasMetadata=true, browserName=chrome, rotatable=false, locationContextEnabled=false, version=28.0.1500.95, cssSelectorsEnabled=true, databaseEnabled=false, handlesAlerts=true, browserConnectionEnabled=false, webStorageEnabled=true, nativeEvents=true, applicationCacheEnabled=false, takesScreenshot=true}]
	at org.openqa.selenium.remote.ErrorHandler.createThrowable(ErrorHandler.java:193)
	at org.openqa.selenium.remote.ErrorHandler.throwIfResponseFailed(ErrorHandler.java:145)
	at org.openqa.selenium.remote.RemoteWebDriver.execute(RemoteWebDriver.java:554)
	at org.openqa.selenium.remote.RemoteWebDriver.execute(RemoteWebDriver.java:569)
	at org.openqa.selenium.remote.RemoteWebDriver.quit(RemoteWebDriver.java:423)
	at com.Annectos.Webdriver.Common.Testbase.closeBrowser(Testbase.java:154)
... Removed 39 stack frames]]>
    </failure>
  </testcase> <!-- @AfterMethod closeBrowser -->
  <testcase name="It_should_give_alert_to_enter_first_name" time="602.709" classname="com.Annectos.Webdriver.SeepTestCases.SeepProfilePageCases">
    <failure type="java.lang.RuntimeException" message="java.lang.reflect.InvocationTargetException">
      <![CDATA[java.lang.RuntimeException: java.lang.reflect.InvocationTargetException
	at org.openqa.selenium.support.PageFactory.instantiatePage(PageFactory.java:140)
	at org.openqa.selenium.support.PageFactory.initElements(PageFactory.java:66)
	at com.Annectos.Webdriver.SeepTestCases.SeepProfilePageCases.It_should_give_alert_to_enter_first_name(SeepProfilePageCases.java:48)
	at org.openqa.selenium.support.PageFactory.instantiatePage(PageFactory.java:131)
	... 35 more
Caused by: org.openqa.selenium.remote.UnreachableBrowserException: Error communicating with the remote browser. It may have died.
Build info: version: '2.37.1', revision: 'a7c61cbd68657e133ae96672cf995890bad2ee42', time: '2013-10-21 09:08:07'
System info: host: 'QA-LP-002', ip: '192.168.0.235', os.name: 'Windows 7', os.arch: 'amd64', os.version: '6.1', java.version: '1.7.0_45'
Driver info: driver.version: RemoteWebDriver
	at org.openqa.selenium.remote.RemoteWebDriver.execute(RemoteWebDriver.java:548)
	at org.openqa.selenium.remote.RemoteWebDriver$RemoteWebDriverOptions$RemoteWindow.maximize(RemoteWebDriver.java:783)
	at com.Annectos.Webdriver.SeepClaim.LoginPageObjects.<init>(LoginPageObjects.java:66)
	... 40 more
Caused by: org.apache.http.NoHttpResponseException: The target server failed to respond
	at org.apache.http.impl.conn.DefaultHttpResponseParser.parseHead(DefaultHttpResponseParser.java:95)
	at org.apache.http.impl.conn.DefaultHttpResponseParser.parseHead(DefaultHttpResponseParser.java:62)
	at org.apache.http.impl.io.AbstractMessageParser.parse(AbstractMessageParser.java:254)
	at org.apache.http.impl.AbstractHttpClientConnection.receiveResponseHeader(AbstractHttpClientConnection.java:289)
	at org.apache.http.impl.conn.DefaultClientConnection.receiveResponseHeader(DefaultClientConnection.java:252)
	at org.apache.http.impl.conn.AbstractClientConnAdapter.receiveResponseHeader(AbstractClientConnAdapter.java:219)
	at org.apache.http.protocol.HttpRequestExecutor.doReceiveResponse(HttpRequestExecutor.java:300)
	at org.apache.http.protocol.HttpRequestExecutor.execute(HttpRequestExecutor.java:127)
	at org.apache.http.impl.client.DefaultRequestDirector.tryExecute(DefaultRequestDirector.java:712)
	at org.apache.http.impl.client.DefaultRequestDirector.execute(DefaultRequestDirector.java:517)
	at org.apache.http.impl.client.AbstractHttpClient.execute(AbstractHttpClient.java:906)
	at org.openqa.selenium.remote.HttpCommandExecutor.fallBackExecute(HttpCommandExecutor.java:337)
	at org.openqa.selenium.remote.HttpCommandExecutor.execute(HttpCommandExecutor.java:298)
	at org.openqa.selenium.remote.RemoteWebDriver.execute(RemoteWebDriver.java:527)
	... 42 more
... Removed 38 stack frames]]>
    </failure>
  </testcase> <!-- It_should_give_alert_to_enter_first_name -->
  <testcase name="all_element_present" time="602.668" classname="com.Annectos.Webdriver.SeepTestCases.SeepProfilePageCases">
    <failure type="java.lang.RuntimeException" message="java.lang.reflect.InvocationTargetException">
      <![CDATA[java.lang.RuntimeException: java.lang.reflect.InvocationTargetException
	at org.openqa.selenium.support.PageFactory.instantiatePage(PageFactory.java:140)
	at org.openqa.selenium.support.PageFactory.initElements(PageFactory.java:66)
	at com.Annectos.Webdriver.SeepTestCases.SeepProfilePageCases.all_element_present(SeepProfilePageCases.java:28)
	at org.openqa.selenium.support.PageFactory.instantiatePage(PageFactory.java:131)
	... 35 more
Caused by: org.openqa.selenium.remote.UnreachableBrowserException: Error communicating with the remote browser. It may have died.
Build info: version: '2.37.1', revision: 'a7c61cbd68657e133ae96672cf995890bad2ee42', time: '2013-10-21 09:08:07'
System info: host: 'QA-LP-002', ip: '192.168.0.235', os.name: 'Windows 7', os.arch: 'amd64', os.version: '6.1', java.version: '1.7.0_45'
Driver info: driver.version: RemoteWebDriver
	at org.openqa.selenium.remote.RemoteWebDriver.execute(RemoteWebDriver.java:548)
	at org.openqa.selenium.remote.RemoteWebDriver$RemoteWebDriverOptions$RemoteWindow.maximize(RemoteWebDriver.java:783)
	at com.Annectos.Webdriver.SeepClaim.LoginPageObjects.<init>(LoginPageObjects.java:66)
	... 40 more
Caused by: org.apache.http.NoHttpResponseException: The target server failed to respond
	at org.apache.http.impl.conn.DefaultHttpResponseParser.parseHead(DefaultHttpResponseParser.java:95)
	at org.apache.http.impl.conn.DefaultHttpResponseParser.parseHead(DefaultHttpResponseParser.java:62)
	at org.apache.http.impl.io.AbstractMessageParser.parse(AbstractMessageParser.java:254)
	at org.apache.http.impl.AbstractHttpClientConnection.receiveResponseHeader(AbstractHttpClientConnection.java:289)
	at org.apache.http.impl.conn.DefaultClientConnection.receiveResponseHeader(DefaultClientConnection.java:252)
	at org.apache.http.impl.conn.AbstractClientConnAdapter.receiveResponseHeader(AbstractClientConnAdapter.java:219)
	at org.apache.http.protocol.HttpRequestExecutor.doReceiveResponse(HttpRequestExecutor.java:300)
	at org.apache.http.protocol.HttpRequestExecutor.execute(HttpRequestExecutor.java:127)
	at org.apache.http.impl.client.DefaultRequestDirector.tryExecute(DefaultRequestDirector.java:712)
	at org.apache.http.impl.client.DefaultRequestDirector.execute(DefaultRequestDirector.java:517)
	at org.apache.http.impl.client.AbstractHttpClient.execute(AbstractHttpClient.java:906)
	at org.openqa.selenium.remote.HttpCommandExecutor.fallBackExecute(HttpCommandExecutor.java:337)
	at org.openqa.selenium.remote.HttpCommandExecutor.execute(HttpCommandExecutor.java:298)
	at org.openqa.selenium.remote.RemoteWebDriver.execute(RemoteWebDriver.java:527)
	... 42 more
... Removed 38 stack frames]]>
    </failure>
  </testcase> <!-- all_element_present -->
</testsuite> <!-- firefox  -->
